This is pdfTeX, Version 3.141592653-2.6-1.40.27 (MiKTeX 25.2) (preloaded format=pdflatex 2025.2.24)  3 NOV 2025 22:36
entering extended mode
 restricted \write18 enabled.
 file:line:error style messages enabled.
 %&-line parsing enabled.
**d:/CPECAPS_nov/document.tex
(d:/CPECAPS_nov/document.tex
LaTeX2e <2024-11-01> patch level 2
L3 programming layer <2025-01-18>
\c@Hpagenote=\count196
\c@su@anzahl=\count197

! LaTeX Error: File `./format/preamble.ltx' not found.

Type X to quit or <RETURN> to proceed,
or enter new name. (Default extension: ltx)

Enter file name: 
d:/CPECAPS_nov/document.tex:9: Emergency stop.
<read *> 
         
l.9 \input{./format/preamble.ltx}
                                 ^^M
*** (cannot \read from terminal in nonstop modes)

 
Here is how much of TeX's memory you used:
 28 strings out of 473523
 530 string characters out of 5715114
 391471 words of memory out of 5000000
 23356 multiletter control sequences out of 15000+600000
 558837 words of font info for 36 fonts, out of 8000000 for 9000
 1141 hyphenation exceptions out of 8191
 16i,0n,26p,96b,18s stack positions out of 10000i,1000n,20000p,200000b,200000s
d:/CPECAPS_nov/document.tex:9:  ==> Fatal error occurred, no output PDF file produced!
